<?xml version="1.0" encoding="UTF-8"?>
<!-- Generated by org.testng.reporters.JUnitReportReporter -->
<testsuite skipped="0" hostname="DESKTOP-SP1DG6S" name="day2week1.HighlightElement" tests="1" failures="0" timestamp="2019-12-08T14:13:01 IST" time="7.205" errors="0">
  <testcase name="runTest" time="7.205" classname="day2week1.HighlightElement"/>
</testsuite> <!-- day2week1.HighlightElement -->
