<?xml version="1.0" encoding="UTF-8"?>
<!-- Generated by org.testng.reporters.JUnitReportReporter -->
<testsuite skipped="0" hostname="DESKTOP-SP1DG6S" name="day1week2.DevToolsPlay" tests="1" failures="0" timestamp="2019-12-03T20:55:34 IST" time="13.071" errors="0">
  <testcase name="runTest" time="13.071" classname="day1week2.DevToolsPlay"/>
</testsuite> <!-- day1week2.DevToolsPlay -->
