<?xml version="1.0" encoding="UTF-8"?>
<!-- Generated by org.testng.reporters.JUnitReportReporter -->
<testsuite skipped="0" hostname="DESKTOP-SP1DG6S" name="day1week2.DevToolsStart" tests="1" failures="0" timestamp="2019-12-03T21:02:00 IST" time="20.651" errors="0">
  <testcase name="runTest" time="20.651" classname="day1week2.DevToolsStart"/>
</testsuite> <!-- day1week2.DevToolsStart -->
