<?xml version="1.0" encoding="UTF-8"?>
<!-- Generated by org.testng.reporters.JUnitReportReporter -->
<testsuite skipped="0" hostname="DESKTOP-SP1DG6S" name="day1week1.LaunchApp" tests="1" failures="0" timestamp="2019-12-21T18:30:51 IST" time="13.094" errors="0">
  <testcase name="startApplication" time="13.094" classname="day1week1.LaunchApp"/>
</testsuite> <!-- day1week1.LaunchApp -->
